This is pdfTeX, Version 3.1415926-2.3-1.40.12 (TeX Live 2011) (format=pdflatex 2011.7.3)  3 MAY 2012 12:55
entering extended mode
 \write18 enabled.
 file:line:error style messages enabled.
 %&-line parsing enabled.
**prj2.tex
(./prj2.tex
LaTeX2e <2009/09/24>
Babel <v3.8l> and hyphenation patterns for english, dumylang, nohyphenation, ge
rman-x-2009-06-19, ngerman-x-2009-06-19, afrikaans, ancientgreek, ibycus, arabi
c, armenian, basque, bulgarian, catalan, pinyin, coptic, croatian, czech, danis
h, dutch, ukenglish, usenglishmax, esperanto, estonian, ethiopic, farsi, finnis
h, french, galician, german, ngerman, swissgerman, monogreek, greek, hungarian,
 icelandic, assamese, bengali, gujarati, hindi, kannada, malayalam, marathi, or
iya, panjabi, tamil, telugu, indonesian, interlingua, irish, italian, kurmanji,
 lao, latin, latvian, lithuanian, mongolian, mongolianlmc, bokmal, nynorsk, pol
ish, portuguese, romanian, russian, sanskrit, serbian, serbianc, slovak, sloven
ian, spanish, swedish, turkish, turkmen, ukrainian, uppersorbian, welsh, loaded
.
(/usr/local/texlive/2011/texmf-dist/tex/latex/base/article.cls
Document Class: article 2007/10/19 v1.4h Standard LaTeX document class
(/usr/local/texlive/2011/texmf-dist/tex/latex/base/size12.clo
File: size12.clo 2007/10/19 v1.4h Standard LaTeX file (size option)
)
\c@part=\count79
\c@section=\count80
\c@subsection=\count81
\c@subsubsection=\count82
\c@paragraph=\count83
\c@subparagraph=\count84
\c@figure=\count85
\c@table=\count86
\abovecaptionskip=\skip41
\belowcaptionskip=\skip42
\bibindent=\dimen102
)
(/usr/local/texlive/2011/texmf-dist/tex/latex/graphics/epsfig.sty
Package: epsfig 1999/02/16 v1.7a (e)psfig emulation (SPQR)

(/usr/local/texlive/2011/texmf-dist/tex/latex/graphics/graphicx.sty
Package: graphicx 1999/02/16 v1.0f Enhanced LaTeX Graphics (DPC,SPQR)

(/usr/local/texlive/2011/texmf-dist/tex/latex/graphics/keyval.sty
Package: keyval 1999/03/16 v1.13 key=value parser (DPC)
\KV@toks@=\toks14
)
(/usr/local/texlive/2011/texmf-dist/tex/latex/graphics/graphics.sty
Package: graphics 2009/02/05 v1.0o Standard LaTeX Graphics (DPC,SPQR)

(/usr/local/texlive/2011/texmf-dist/tex/latex/graphics/trig.sty
Package: trig 1999/03/16 v1.09 sin cos tan (DPC)
)
(/usr/local/texlive/2011/texmf-dist/tex/latex/latexconfig/graphics.cfg
File: graphics.cfg 2010/04/23 v1.9 graphics configuration of TeX Live
)
Package graphics Info: Driver file: pdftex.def on input line 91.

(/usr/local/texlive/2011/texmf-dist/tex/latex/pdftex-def/pdftex.def
File: pdftex.def 2011/05/27 v0.06d Graphics/color for pdfTeX

(/usr/local/texlive/2011/texmf-dist/tex/generic/oberdiek/infwarerr.sty
Package: infwarerr 2010/04/08 v1.3 Providing info/warning/message (HO)
)
(/usr/local/texlive/2011/texmf-dist/tex/generic/oberdiek/ltxcmds.sty
Package: ltxcmds 2011/04/18 v1.20 LaTeX kernel commands for general use (HO)
)
\Gread@gobject=\count87
))
\Gin@req@height=\dimen103
\Gin@req@width=\dimen104
)
\epsfxsize=\dimen105
\epsfysize=\dimen106
)
(/usr/local/texlive/2011/texmf-dist/tex/latex/geometry/geometry.sty
Package: geometry 2010/09/12 v5.6 Page Geometry

(/usr/local/texlive/2011/texmf-dist/tex/generic/oberdiek/ifpdf.sty
Package: ifpdf 2011/01/30 v2.3 Provides the ifpdf switch (HO)
Package ifpdf Info: pdfTeX in PDF mode is detected.
)
(/usr/local/texlive/2011/texmf-dist/tex/generic/oberdiek/ifvtex.sty
Package: ifvtex 2010/03/01 v1.5 Switches for detecting VTeX and its modes (HO)
Package ifvtex Info: VTeX not detected.
)
(/usr/local/texlive/2011/texmf-dist/tex/generic/ifxetex/ifxetex.sty
Package: ifxetex 2010/09/12 v0.6 Provides ifxetex conditional
)
\Gm@cnth=\count88
\Gm@cntv=\count89
\c@Gm@tempcnt=\count90
\Gm@bindingoffset=\dimen107
\Gm@wd@mp=\dimen108
\Gm@odd@mp=\dimen109
\Gm@even@mp=\dimen110
\Gm@layoutwidth=\dimen111
\Gm@layoutheight=\dimen112
\Gm@layouthoffset=\dimen113
\Gm@layoutvoffset=\dimen114
\Gm@dimlist=\toks15
)
(/usr/local/texlive/2011/texmf-dist/tex/latex/amsfonts/amssymb.sty
Package: amssymb 2009/06/22 v3.00

(/usr/local/texlive/2011/texmf-dist/tex/latex/amsfonts/amsfonts.sty
Package: amsfonts 2009/06/22 v3.00 Basic AMSFonts support
\@emptytoks=\toks16
\symAMSa=\mathgroup4
\symAMSb=\mathgroup5
LaTeX Font Info:    Overwriting math alphabet `\mathfrak' in version `bold'
(Font)                  U/euf/m/n --> U/euf/b/n on input line 96.
))
(/usr/local/texlive/2011/texmf-dist/tex/latex/oberdiek/epstopdf.sty
Package: epstopdf 2010/02/09 v2.5 Conversion with epstopdf on the fly (HO)

(/usr/local/texlive/2011/texmf-dist/tex/latex/oberdiek/epstopdf-base.sty
Package: epstopdf-base 2010/02/09 v2.5 Base part for package epstopdf

(/usr/local/texlive/2011/texmf-dist/tex/latex/oberdiek/grfext.sty
Package: grfext 2010/08/19 v1.1 Managing graphics extensions (HO)

(/usr/local/texlive/2011/texmf-dist/tex/generic/oberdiek/kvdefinekeys.sty
Package: kvdefinekeys 2011/04/07 v1.3 Defining keys (HO)
))
(/usr/local/texlive/2011/texmf-dist/tex/latex/oberdiek/kvoptions.sty
Package: kvoptions 2010/12/23 v3.10 Keyval support for LaTeX options (HO)

(/usr/local/texlive/2011/texmf-dist/tex/generic/oberdiek/kvsetkeys.sty
Package: kvsetkeys 2011/04/07 v1.13 Key value parser (HO)

(/usr/local/texlive/2011/texmf-dist/tex/generic/oberdiek/etexcmds.sty
Package: etexcmds 2011/02/16 v1.5 Prefix for e-TeX command names (HO)

(/usr/local/texlive/2011/texmf-dist/tex/generic/oberdiek/ifluatex.sty
Package: ifluatex 2010/03/01 v1.3 Provides the ifluatex switch (HO)
Package ifluatex Info: LuaTeX not detected.
)
Package etexcmds Info: Could not find \expanded.
(etexcmds)             That can mean that you are not using pdfTeX 1.50 or
(etexcmds)             that some package has redefined \expanded.
(etexcmds)             In the latter case, load this package earlier.
)))
(/usr/local/texlive/2011/texmf-dist/tex/generic/oberdiek/pdftexcmds.sty
Package: pdftexcmds 2011/04/22 v0.16 Utilities of pdfTeX for LuaTeX (HO)
Package pdftexcmds Info: LuaTeX not detected.
Package pdftexcmds Info: \pdf@primitive is available.
Package pdftexcmds Info: \pdf@ifprimitive is available.
Package pdftexcmds Info: \pdfdraftmode found.
)
Package grfext Info: Graphics extension search list:
(grfext)             [.png,.pdf,.jpg,.mps,.jpeg,.jbig2,.jb2,.PNG,.PDF,.JPG,.JPE
G,.JBIG2,.JB2,.eps]
(grfext)             \AppendGraphicsExtensions on input line 452.

(/usr/local/texlive/2011/texmf-dist/tex/latex/latexconfig/epstopdf-sys.cfg
File: epstopdf-sys.cfg 2010/07/13 v1.3 Configuration of (r)epstopdf for TeX Liv
e
)))
(./prj2.aux)
\openout1 = `prj2.aux'.

LaTeX Font Info:    Checking defaults for OML/cmm/m/it on input line 17.
LaTeX Font Info:    ... okay on input line 17.
LaTeX Font Info:    Checking defaults for T1/cmr/m/n on input line 17.
LaTeX Font Info:    ... okay on input line 17.
LaTeX Font Info:    Checking defaults for OT1/cmr/m/n on input line 17.
LaTeX Font Info:    ... okay on input line 17.
LaTeX Font Info:    Checking defaults for OMS/cmsy/m/n on input line 17.
LaTeX Font Info:    ... okay on input line 17.
LaTeX Font Info:    Checking defaults for OMX/cmex/m/n on input line 17.
LaTeX Font Info:    ... okay on input line 17.
LaTeX Font Info:    Checking defaults for U/cmr/m/n on input line 17.
LaTeX Font Info:    ... okay on input line 17.
 (/usr/local/texlive/2011/texmf-dist/tex/context/base/supp-pdf.mkii
[Loading MPS to PDF converter (version 2006.09.02).]
\scratchcounter=\count91
\scratchdimen=\dimen115
\scratchbox=\box26
\nofMPsegments=\count92
\nofMParguments=\count93
\everyMPshowfont=\toks17
\MPscratchCnt=\count94
\MPscratchDim=\dimen116
\MPnumerator=\count95
\makeMPintoPDFobject=\count96
\everyMPtoPDFconversion=\toks18
)
*geometry* driver: auto-detecting
*geometry* detected driver: pdftex
*geometry* verbose mode - [ preamble ] result:
* driver: pdftex
* paper: letterpaper
* layout: <same size as paper>
* layoutoffset:(h,v)=(0.0pt,0.0pt)
* modes: 
* h-part:(L,W,R)=(92.14519pt, 430.00462pt, 92.14519pt)
* v-part:(T,H,B)=(95.39737pt, 556.47656pt, 143.09605pt)
* \paperwidth=614.295pt
* \paperheight=794.96999pt
* \textwidth=430.00462pt
* \textheight=556.47656pt
* \oddsidemargin=19.8752pt
* \evensidemargin=19.8752pt
* \topmargin=-13.87262pt
* \headheight=12.0pt
* \headsep=25.0pt
* \topskip=12.0pt
* \footskip=30.0pt
* \marginparwidth=44.0pt
* \marginparsep=10.0pt
* \columnsep=10.0pt
* \skip\footins=10.8pt plus 4.0pt minus 2.0pt
* \hoffset=0.0pt
* \voffset=0.0pt
* \mag=1000
* \@twocolumnfalse
* \@twosidefalse
* \@mparswitchfalse
* \@reversemarginfalse
* (1in=72.27pt=25.4mm, 1cm=28.453pt)

LaTeX Font Info:    Try loading font information for U+msa on input line 18.
(/usr/local/texlive/2011/texmf-dist/tex/latex/amsfonts/umsa.fd
File: umsa.fd 2009/06/22 v3.00 AMS symbols A
)
LaTeX Font Info:    Try loading font information for U+msb on input line 18.

(/usr/local/texlive/2011/texmf-dist/tex/latex/amsfonts/umsb.fd
File: umsb.fd 2009/06/22 v3.00 AMS symbols B
)
LaTeX Font Info:    Try loading font information for OMS+cmtt on input line 18.

LaTeX Font Info:    No file OMScmtt.fd. on input line 18.


LaTeX Font Warning: Font shape `OMS/cmtt/m/n' undefined
(Font)              using `OMS/cmsy/m/n' instead
(Font)              for symbol `textbraceleft' on input line 18.

(./prj_desc.tex

LaTeX Warning: Citation `fujpar' on page 1 undefined on input line 3.


LaTeX Warning: Citation `vulthe' on page 1 undefined on input line 9.

Missing character: There is no ‚ in font cmr12!
Missing character: There is no Ä in font cmr12!
Missing character: There is no ô in font cmr12!

LaTeX Warning: Citation `carros' on page 1 undefined on input line 17.

) (./background.tex

LaTeX Warning: Citation `carros' on page 1 undefined on input line 4.


LaTeX Warning: Citation `jefvir' on page 1 undefined on input line 5.

[1

{/usr/local/texlive/2011/texmf-var/fonts/map/pdftex/updmap/pdftex.map}]

LaTeX Warning: Citation `vulthe' on page 2 undefined on input line 12.


</Users/chayong/Documents/project2/figs/backstroke.png, id=11, 621.32124pt x 25
2.945pt>
File: /Users/chayong/Documents/project2/figs/backstroke.png Graphic file (type 
png)
 <use /Users/chayong/Documents/project2/figs/backstroke.png>
Package pdftex.def Info: /Users/chayong/Documents/project2/figs/backstroke.png 
used on input line 18.
(pdftex.def)             Requested size: 303.53377pt x 123.56975pt.


LaTeX Warning: Reference `fig:backstroke' on page 2 undefined on input line 24.


) (./related.tex [2 </Users/chayong/Documents/project2/figs/backstroke.png>]

LaTeX Warning: Citation `careff' on page 3 undefined on input line 16.


LaTeX Warning: Citation `fujane' on page 3 undefined on input line 16.

Missing character: There is no ‚ in font cmr12!
Missing character: There is no Ä in font cmr12!
Missing character: There is no ú in font cmr12!
Missing character: There is no ‚ in font cmr12!
Missing character: There is no Ä in font cmr12!
Missing character: There is no ù in font cmr12!

LaTeX Warning: Citation `wiepar2' on page 3 undefined on input line 26.


LaTeX Warning: Citation `wiepra' on page 3 undefined on input line 26.

) (./sim_desc.tex [3]
Overfull \hbox (6.76326pt too wide) in paragraph at lines 18--19
[]\OT1/cmr/m/n/12 Availability of NAVAIDS & ATC fa-cil-i-ties and op-er-at-ing 
re-quire-ments/standards 
 []


LaTeX Warning: Citation `fed1' on page 4 undefined on input line 26.


LaTeX Warning: Reference `table:airport_size' on page 4 undefined on input line
 36.


LaTeX Warning: Citation `fed2' on page 4 undefined on input line 36.


LaTeX Warning: `h' float specifier changed to `ht'.

[4]
</Users/chayong/Documents/project2/figs/map.png, id=21, 650.43pt x 357.9774pt>
File: /Users/chayong/Documents/project2/figs/map.png Graphic file (type png)

<use /Users/chayong/Documents/project2/figs/map.png>
Package pdftex.def Info: /Users/chayong/Documents/project2/figs/map.png used on
 input line 94.
(pdftex.def)             Requested size: 216.81pt x 119.32368pt.


LaTeX Warning: Reference `fig:airport_region' on page 5 undefined on input line
 103.

Missing character: There is no ‚ in font cmr12!
Missing character: There is no Ä in font cmr12!
Missing character: There is no ô in font cmr12!
Missing character: There is no ‚ in font cmr12!
Missing character: There is no Ä in font cmr12!
Missing character: There is no ô in font cmr12!
[5]

LaTeX Warning: Reference `fig:approx_dist' on page 6 undefined on input line 14
1.


</Users/chayong/Documents/project2/figs/map_graph.png, id=26, 529.98pt x 289.08
pt>
File: /Users/chayong/Documents/project2/figs/map_graph.png Graphic file (type p
ng)
 <use /Users/chayong/Documents/project2/figs/map_graph.png>
Package pdftex.def Info: /Users/chayong/Documents/project2/figs/map_graph.png u
sed on input line 145.
(pdftex.def)             Requested size: 216.81pt x 118.2589pt.
Missing character: There is no ‚ in font cmr12!
Missing character: There is no Ä in font cmr12!
Missing character: There is no ô in font cmr12!
Missing character: There is no ‚ in font cmr12!
Missing character: There is no Ä in font cmr12!
Missing character: There is no ô in font cmr12!
) (./pdes.tex

LaTeX Warning: Reference `fig:sim_flow' on page 6 undefined on input line 9.

[6 </Users/chayong/Documents/project2/figs/map.png>]
</Users/chayong/Documents/project2/figs/sim_flow.png, id=32, 656.2116pt x 213.4
374pt>
File: /Users/chayong/Documents/project2/figs/sim_flow.png Graphic file (type pn
g)
 <use /Users/chayong/Documents/project2/figs/sim_flow.png>
Package pdftex.def Info: /Users/chayong/Documents/project2/figs/sim_flow.png us
ed on input line 20.
(pdftex.def)             Requested size: 375.80377pt x 122.23376pt.


LaTeX Warning: `h' float specifier changed to `ht'.

) (./software.tex

LaTeX Warning: Reference `fig:software' on page 7 undefined on input line 4.

[7 </Users/chayong/Documents/project2/figs/map_graph.png>]
</Users/chayong/Documents/project2/figs/software.png, id=37, 535.7616pt x 322.8
06pt>
File: /Users/chayong/Documents/project2/figs/software.png Graphic file (type pn
g)
 <use /Users/chayong/Documents/project2/figs/software.png>
Package pdftex.def Info: /Users/chayong/Documents/project2/figs/software.png us
ed on input line 16.
(pdftex.def)             Requested size: 303.53377pt x 182.88321pt.
)
(./sim_results.tex [8 </Users/chayong/Documents/project2/figs/sim_flow.png> </U
sers/chayong/Documents/project2/figs/software.png>]

LaTeX Warning: Reference `table:seq_result' on page 9 undefined on input line 1
8.


LaTeX Warning: Reference `fig:seq_req_rejected' on page 9 undefined on input li
ne 42.


LaTeX Warning: Reference `fig:seq_runtime' on page 9 undefined on input line 42
.


LaTeX Warning: Reference `fig:seq_events' on page 9 undefined on input line 42.



</Users/chayong/Documents/project2/figs/seq_req_rejected.png, id=43, 330.5148pt
 x 212.4738pt>
File: /Users/chayong/Documents/project2/figs/seq_req_rejected.png Graphic file 
(type png)

<use /Users/chayong/Documents/project2/figs/seq_req_rejected.png>
Package pdftex.def Info: /Users/chayong/Documents/project2/figs/seq_req_rejecte
d.png used on input line 49.
(pdftex.def)             Requested size: 180.67499pt x 116.15092pt.

</Users/chayong/Documents/project2/figs/seq_runtime.png, id=44, 361.8318pt x 21
7.2918pt>
File: /Users/chayong/Documents/project2/figs/seq_runtime.png Graphic file (type
 png)
 <use /Users/chayong/Documents/project2/figs/seq_runtime.png>
Package pdftex.def Info: /Users/chayong/Documents/project2/figs/seq_runtime.png
 used on input line 59.
(pdftex.def)             Requested size: 200.0pt x 120.10434pt.

</Users/chayong/Documents/project2/figs/seq_events.png, id=45, 361.8318pt x 217
.2918pt>
File: /Users/chayong/Documents/project2/figs/seq_events.png Graphic file (type 
png)
 <use /Users/chayong/Documents/project2/figs/seq_events.png>
Package pdftex.def Info: /Users/chayong/Documents/project2/figs/seq_events.png 
used on input line 66.
(pdftex.def)             Requested size: 200.0pt x 120.10434pt.
)
(./parallel.tex

LaTeX Warning: Citation `fujpar' on page 9 undefined on input line 3.

[9] [10 </Users/chayong/Documents/project2/figs/seq_req_rejected.png> </Users/c
hayong/Documents/project2/figs/seq_runtime.png> </Users/chayong/Documents/proje
ct2/figs/seq_events.png>]

LaTeX Warning: Reference `table:parallel_data_256' on page 11 undefined on inpu
t line 67.


LaTeX Warning: Reference `table:parallel_data_1024' on page 11 undefined on inp
ut line 68.


</Users/chayong/Documents/project2/figs/p_runtime_1024.png, id=55, 399.894pt x 
225.9642pt>
File: /Users/chayong/Documents/project2/figs/p_runtime_1024.png Graphic file (t
ype png)
 <use /Users/chayong/Documents/project2/figs/p_runtime_1024.png>
Package pdftex.def Info: /Users/chayong/Documents/project2/figs/p_runtime_1024.
png used on input line 87.
(pdftex.def)             Requested size: 216.81pt x 122.50845pt.

Overfull \hbox (16.81pt too wide) in paragraph at lines 87--88
[][] 
 []


</Users/chayong/Documents/project2/figs/p_runtime_256.png, id=56, 407.121pt x 2
25.9642pt>
File: /Users/chayong/Documents/project2/figs/p_runtime_256.png Graphic file (ty
pe png)
 <use /Users/chayong/Documents/project2/figs/p_runtime_256.png>
Package pdftex.def Info: /Users/chayong/Documents/project2/figs/p_runtime_256.p
ng used on input line 92.
(pdftex.def)             Requested size: 216.81pt x 120.33624pt.

Overfull \hbox (16.81pt too wide) in paragraph at lines 92--93
[][] 
 []

[11]

LaTeX Warning: Reference `fig:p_runtime' on page 12 undefined on input line 102
.

) (./additional.tex) (./task.tex
Missing character: There is no ‚ in font cmr12!
Missing character: There is no Ä in font cmr12!
Missing character: There is no ì in font cmr12!
 [12 </Users/chayong/Documents/project2/figs/p_runtime_1024.png> </Users/chayon
g/Documents/project2/figs/p_runtime_256.png>])
(./ref.tex
Missing character: There is no ‚ in font cmr12!
Missing character: There is no Ä in font cmr12!
Missing character: There is no ì in font cmr12!
 [13]) [14] (./prj2.aux)

LaTeX Font Warning: Some font shapes were not available, defaults substituted.


LaTeX Warning: There were undefined references.


LaTeX Warning: Label(s) may have changed. Rerun to get cross-references right.

 ) 
Here is how much of TeX's memory you used:
 2396 strings out of 493633
 35317 string characters out of 3143378
 102801 words of memory out of 3000000
 5627 multiletter control sequences out of 15000+200000
 13564 words of font info for 53 fonts, out of 3000000 for 9000
 831 hyphenation exceptions out of 8191
 42i,13n,24p,384b,354s stack positions out of 5000i,500n,10000p,200000b,50000s
</usr/local/texlive/2011/texmf-dist/fonts/type1/public/amsfonts/cm/cmbx12.pfb
></usr/local/texlive/2011/texmf-dist/fonts/type1/public/amsfonts/cm/cmr12.pfb><
/usr/local/texlive/2011/texmf-dist/fonts/type1/public/amsfonts/cm/cmr17.pfb></u
sr/local/texlive/2011/texmf-dist/fonts/type1/public/amsfonts/cm/cmr6.pfb></usr/
local/texlive/2011/texmf-dist/fonts/type1/public/amsfonts/cm/cmsy10.pfb></usr/l
ocal/texlive/2011/texmf-dist/fonts/type1/public/amsfonts/cm/cmti12.pfb></usr/lo
cal/texlive/2011/texmf-dist/fonts/type1/public/amsfonts/cm/cmtt12.pfb>
Output written on prj2.pdf (14 pages, 1947479 bytes).
PDF statistics:
 97 PDF objects out of 1000 (max. 8388607)
 55 compressed objects within 1 object stream
 0 named destinations out of 1000 (max. 500000)
 51 words of extra memory for PDF output out of 10000 (max. 10000000)

